<?xml version="1.0" encoding="UTF-8"?>
<!-- Generated by org.testng.reporters.JUnitReportReporter -->
<testsuite hostname="Moksh" failures="0" tests="9" name="Demo.OrangeHRM" time="78.732" errors="0" timestamp="2024-10-23T10:03:17 IST" skipped="1">
  <testcase classname="Demo.OrangeHRM" name="doLoginWithInvalidCredential" time="3.594"/>
  <system-out/>
  <testcase classname="Demo.OrangeHRM" name="loginTestWithValidCredential" time="3.357"/>
  <system-out/>
  <testcase classname="Demo.OrangeHRM" name="addEmployee" time="10.493"/>
  <system-out/>
  <testcase classname="Demo.OrangeHRM" name="searchEmployeeNyName" time="10.271"/>
  <system-out/>
  <testcase classname="Demo.OrangeHRM" name="searchEmployeeById" time="8.919"/>
  <system-out/>
  <testcase classname="Demo.OrangeHRM" name="fileUpload" time="15.315"/>
  <system-out/>
  <testcase classname="Demo.OrangeHRM" name="applyLeave" time="13.816"/>
  <system-out/>
  <testcase classname="Demo.OrangeHRM" name="deleteEmployee" time="12.967"/>
  <system-out/>
  <testcase classname="Demo.OrangeHRM" name="ListEmployees">
    <skipped/>
  </testcase> <!-- ListEmployees -->
  <system-out/>
</testsuite> <!-- Demo.OrangeHRM -->
